221	221
223	223
256	269
303	306
318	330
332	339
352	355
368	399
402	402
405	405
411	423
425	532
543	598
618	694
704	714
737	872
895	979
984	990
992	1041
1060	1060
1062	1090
1107	1109
1139	1184
1186	1219
1243	1262
1265	1268
1270	1323
1327	1350
1397	1516
1519	1519
1527	1560
1564	1565
1571	1621
1654	1661
1673	1679
1683	1688
1690	1697
1699	1703
1711	1756
1805	1845
1864	1864
1873	1873
1903	1903
1907	1927
2299	2312
2350	2364
2366	2368
2380	2381
2405	2406
2408	2411
2413	2413
2417	2423
2436	2466
2468	2472
2520	2521
2526	2612
2617	2620
2622	2776
