1	39
57	61
63	71
89	484
502	502
506	527
532	533
541	560
599	622
641	643
697	701
735	755
795	809
828	852
854	854
857	894
896	896
913	913
915	915
918	924
936	976
999	1002
1005	1046
1049	1074
1076	1096
1103	1103
1111	1111
1118	1122
1126	1183
1185	1191
1193	1202
1204	1208
1219	1219
1221	1221
1227	1254
1268	1268
1281	1356
1362	1420
1675	1677
1680	1691
1697	1697
1809	1848
1862	1985
1990	1990
1993	2117
2147	2196
2219	2219
2224	2225
2228	2234
2240	2242
2254	2254
2258	2258
2330	2362
2393	2436
2439	2439
2530	2531
2533	2533
