1	9
90	92
133	149
195	235
237	239
286	286
288	288
291	291
293	294
329	329
331	347
352	355
375	375
377	379
414	414
418	418
423	423
425	425
456	456
468	468
471	473
477	477
480	480
535	541
543	563
565	565
614	619
660	666
669	669
679	679
729	738
767	767
779	779
781	781
789	792
812	812
816	820
834	834
846	846
848	848
850	850
859	860
862	866
893	914
937	938
976	981
1014	1024
1028	1028
1035	1037
1076	1076
1090	1112
1143	1154
1156	1170
1202	1206
1220	1224
1226	1238
1272	1284
1286	1296
1341	1362
1396	1406
1408	1423
1455	1477
1479	1480
1483	1484
1486	1489
1524	1534
1536	1536
1538	1538
1547	1548
1574	1576
1578	1579
1609	1614
1667	1674
1700	1700
1702	1702
1704	1704
1723	1724
1727	1727
1729	1729
1731	1731
1734	1736
1738	1739
1788	1796
1798	1798
1801	1803
1806	1808
1810	1810
1819	1820
1843	1845
1848	1851
1862	1869
1911	1911
1913	1921
1995	2000
2130	2132
2192	2194
2201	2201
2204	2206
2208	2213
2220	2223
2228	2228
2246	2248
2251	2255
2258	2258
2260	2260
2265	2272
2333	2334
2336	2338
2393	2417
2461	2463
2466	2467
2470	2480
2515	2517
2520	2523
2539	2541
2601	2601
2607	2607
2640	2648
2650	2652
2655	2655
2657	2657
2659	2663
2665	2669
2714	2735
2769	2778
2781	2781
2783	2783
2785	2795
2855	2855
2861	2861
2897	2902
2904	2906
2909	2909
2911	2911
2913	2913
2915	2920
2923	2923
2966	2966
2969	2969
2976	2976
2978	2978
2980	2980
2982	2985
2987	2995
3011	3017
3043	3043
3230	3230
3233	3244
3250	3250
3307	3307
3313	3313
3349	3351
3354	3356
3368	3375
3435	3435
3441	3441
3477	3485
3496	3503
3563	3563
3569	3570
3604	3614
3617	3617
3619	3619
3621	3625
3629	3631
3676	3697
3731	3731
3733	3733
3736	3739
3750	3757
3817	3817
3823	3823
3858	3864
3866	3868
3871	3871
3873	3873
3875	3875
3877	3879
3930	3951
3984	4011
4059	4065
4067	4079
4113	4122
4125	4125
4127	4127
4132	4133
4135	4139
4188	4188
4266	4272
4319	4335
4337	4346
4394	4401
4403	4414
4449	4457
4468	4471
4473	4475
4535	4535
4541	4541
4576	4586
4589	4589
4591	4591
4593	4596
4659	4685
4706	4707
4722	4745
4775	4775
4800	4800
4803	4810
4893	4897
4899	4899
4904	4904
4908	4911
4950	4953
4959	4959
4996	5003
5028	5057
5059	5066
5069	5100
5102	5104
5106	5108
5178	5178
5224	5224
5263	5263
5268	5268
5270	5271
5274	5274
5351	5351
5356	5356
5405	5422
5484	5484
5489	5489
5491	5533
5537	5579
5590	5590
5598	5656
