161	168
191	203
221	221
223	229
262	283
348	348
350	361
388	407
425	425
427	428
451	454
476	480
482	503
505	514
517	521
529	545
554	638
648	693
699	700
705	800
808	809
811	818
822	822
824	824
833	844
846	864
891	891
918	1018
1020	1023
1025	1030
1037	1070
1078	1225
1240	1244
1248	1252
1277	1290
1304	1317
1374	1384
1388	1390
1424	1424
1444	1444
1447	1447
1489	1503
1527	1527
1533	1545
1547	1551
1560	1560
1562	1568
1599	1609
1620	1650
1689	1708
1713	1747
1749	1752
1761	1775
1777	1796
1800	1885
1926	1929
1933	2032
2039	2094
