28	52
95	95
119	146
171	183
272	284
314	321
323	338
348	348
375	395
398	436
466	467
469	469
480	480
486	489
498	513
547	549
554	626
818	821
897	897
899	927
929	937
971	971
973	1011
1014	1016
1019	1022
1026	1038
1040	1043
1045	1051
1057	1064
1072	1120
1126	1126
1131	1131
1142	1190
1192	1250
1422	1426
1449	1452
1455	1456
1473	1473
1542	1549
1599	1620
1625	1628
1630	1636
1639	1672
1694	1698
1700	1705
1718	1739
1741	1773
1805	1816
1818	1818
1863	1867
2059	2059
2070	2070
2074	2097
2452	2471
2473	2475
2507	2507
2527	2528
2530	2534
2584	2592
2599	2600
2628	2640
2680	2681
2684	2692
2712	2712
2716	2716
2740	2740
2742	2744
2752	2763
2766	2776
2791	2792
2795	2822
2824	2824
2826	2827
2829	2830
2861	2866
2939	2957
3007	3012
3042	3079
3106	3106
3130	3130
