1	79
84	84
86	86
88	212
569	570
573	808
810	815
819	819
821	821
834	834
838	839
842	842
847	847
849	849
872	872
876	881
883	883
885	886
888	888
899	899
902	903
930	930
932	932
941	942
945	952
954	954
975	977
995	1116
1187	1206
1229	1230
1233	1234
1238	1241
1265	1267
1269	1269
1274	1277
1279	1286
1288	1293
1313	1315
1347	1351
1353	1385
1390	1436
1438	1439
1454	1468
1471	1471
1489	1489
1491	1509
1512	1512
1514	1516
1518	1524
1538	1538
1547	1555
1575	1595
1598	1599
1605	1606
1608	1609
1612	1646
1658	1688
1690	1771
1776	1790
1812	1850
1858	1939
1954	2073
2080	2091
2104	2194
2196	2234
2256	2272
2289	2289
2291	2294
2298	2304
2331	2346
2361	2377
