1	11
39	43
229	238
271	275
277	278
288	289
291	292
318	335
354	383
421	422
424	426
500	506
510	512
672	727
838	838
841	848
881	881
885	920
946	947
957	958
960	962
982	990
1079	1079
1165	1166
1189	1213
1216	1216
1248	1250
1256	1312
1314	1314
1326	1326
1328	1343
1384	1394
1508	1509
1561	1562
1573	1573
1594	1594
1596	1633
1635	1635
1696	1696
1699	1717
1741	1741
1743	1746
1777	1785
1800	1830
1847	1854
1940	1941
1945	1951
2019	2019
2047	2074
2100	2121
2136	2136
2186	2240
2265	2268
2270	2319
2388	2414
