1	4
157	170
675	678
680	724
790	794
1037	1080
1087	1107
1110	1111
1133	1141
1340	1347
1351	1352
1403	1413
1658	1664
1666	1667
1727	1737
2027	2031
2061	2061
2338	2353
2361	2399
2416	2423
2468	2468
2475	2476
2846	2854
3144	3144
3201	3220
3532	3532
3536	3539
3599	3607
3659	3677
3736	3740
3764	3768
3770	3771
4024	4024
4060	4158
4162	4199
4205	4207
4209	4209
4324	4324
4326	4380
4396	4432
4434	4434
4440	4441
4445	4446
4450	4460
4501	4504
5068	5069
5223	5223
5314	5315
5434	5459
5754	5754
5758	5759
5824	5825
6199	6201
6335	6473
6490	6511
6672	6675
6761	6767
6773	6774
6776	6776
6785	6810
6872	6874
