3	3
5	8
482	482
484	495
645	660
702	758
975	1004
1014	1040
1082	1097
1186	1186
1221	1221
1289	1321
1364	1366
1371	1371
1381	1417
1424	1425
1432	1433
1691	1730
1733	1734
1846	1846
1906	1912
1958	1984
1987	1995
1999	2002
2012	2064
2237	2241
2243	2245
2258	2258
2261	2261
2264	2479
2503	2515
2525	2535
2639	2641
2681	2970
2988	3014
3016	3017
3033	3056
3156	3168
3241	3248
3250	3263
3270	3273
3307	3320
3355	3375
3403	3438
3468	3518
3537	3566
3660	3679
3704	3708
3712	3712
3738	3765
3777	3854
3893	3939
3945	3945
