1	7
419	471
474	475
491	535
546	546
548	577
580	695
703	703
725	726
776	779
890	895
914	914
916	957
973	1050
1052	1055
1058	1074
1080	1222
1230	1231
1233	1335
1346	1389
1391	1412
1422	1426
1450	1450
1454	1477
1492	1492
1495	1644
1646	1649
1653	1657
1663	1667
1669	1671
1676	1677
1681	1681
1693	1693
1696	1698
1700	1702
1704	1705
1715	1716
1720	1720
1722	1725
1727	1729
1733	1734
1752	1753
1763	1764
1766	1770
1779	1782
1789	1810
1812	1816
1818	1820
1844	1844
1862	1862
1867	1869
1879	1889
1891	1905
1909	1910
1912	1913
1916	1916
1928	1930
1936	1937
1939	1945
1953	1955
1965	1965
1967	1971
1976	1976
2044	2047
2055	2056
