541	543
632	632
726	726
1317	1320
1376	1384
1386	1387
1508	1508
1511	1511
1513	1513
1537	1548
1962	1980
2094	2200
2207	2207
2212	2255
2273	2392
2394	2449
2464	2844
2851	2861
2889	2910
2934	2936
2955	2971
2990	2990
2994	2998
3016	3016
3022	3024
3039	3039
3043	3073
3101	3107
3128	3128
3131	3145
3148	3148
3191	3197
3242	3242
3245	3246
3255	3255
3258	3261
3281	3316
3342	3347
3396	3400
3617	3622
3723	3725
3737	3756
3758	3766
3770	3772
3928	3940
3942	3943
4224	4240
4334	4335
4465	4479
4517	4521
4627	4630
4798	4798
4800	4801
4803	4804
5015	5017
5029	5029
5129	5134
5177	5177
5228	5246
5462	5464
5718	5718
5811	5814
5931	5932
5934	5942
5946	5946
6266	6268
6270	6270
6335	6338
6553	6553
6587	6588
6593	6595
6906	6907
6912	6921
6923	6923
6930	6934
7180	7201
7221	7285
7287	7393
