1	179
184	219
237	238
241	253
263	377
387	389
395	418
421	421
427	450
457	457
469	471
521	526
551	558
560	618
641	678
686	732
737	741
830	853
855	857
865	866
872	872
899	914
917	923
944	971
979	996
1013	1074
1077	1077
1126	1140
1180	1185
1198	1198
1200	1201
1213	1214
1219	1289
1297	1299
1302	1344
1358	1362
1366	1399
1404	1423
1437	1438
1441	1502
1543	1564
1576	1576
1616	1646
1656	1656
1661	1661
1665	1665
1668	1675
1677	1679
1682	1682
1695	1696
1727	1771
1773	1776
1778	1868
1921	1922
1926	1939
1984	2009
2011	2019
2034	2072
2084	2096
2103	2116
2139	2144
2148	2155
2159	2172
2174	2222
2228	2237
