31	32
35	39
109	182
654	657
721	725
789	791
1201	1203
1304	1307
1309	1310
1492	1502
1521	1564
1568	1590
1608	1608
1610	1653
1655	1661
1668	1668
1675	1675
1684	1684
1694	1695
1697	1700
1708	1711
1721	1730
1732	1739
1741	1776
1798	1852
1856	1900
1913	1940
1952	1953
1955	1973
1975	1976
2008	2008
2012	2013
2042	2042
2044	2045
2047	2047
2050	2052
2054	2060
2094	2142
2146	2146
2164	2317
2334	2338
2340	2342
2344	2345
2347	2351
2361	2363
2475	2478
2483	2509
2513	2526
2532	2564
2584	2593
2624	2627
2672	2787
3331	3331
3704	3704
3706	3710
3715	3720
3722	3722
4273	4276
4280	4281
4387	4392
4396	4403
4405	4420
4623	4623
4625	4650
4667	4691
