1	3
23	62
64	65
75	172
174	177
183	190
193	193
215	239
250	259
282	286
299	479
497	523
532	532
557	560
629	636
736	736
744	746
752	755
757	759
762	769
772	779
783	789
792	799
802	809
812	819
822	829
832	839
842	849
852	859
862	869
873	874
876	879
883	889
891	908
910	913
955	955
957	957
959	960
1076	1076
1114	1114
1141	1266
1274	1284
1286	1287
1295	1320
1322	1355
1359	1361
1368	1370
1376	1377
1391	1407
1467	1470
1473	1478
1480	1480
1484	1490
1493	1497
1500	1501
1520	1549
1661	1689
1721	1747
1774	2073
2090	2103
2138	2152
2181	2184
2186	2189
2193	2202
2204	2238
2241	2248
2339	2345
